app/build/intermediates/manifest_merge_blame_file/debug/manifest-merger-blame-debug-report.txt
1<?xml version="1.0" encoding="utf-8"?>
2<manifest xmlns:android="http://schemas.android.com/apk/res/android"
3    package="ee.ut.math.lemmo.readIdNfc"
4    android:versionCode="1"
5    android:versionName="1.0" >
6
7    <uses-sdk
8        android:minSdkVersion="26"
8-->src\main\AndroidManifest.xml
9        android:targetSdkVersion="31" />
9-->src\main\AndroidManifest.xml
10
11    <uses-permission android:name="android.permission.NFC" />
11-->src\main\AndroidManifest.xml:5:5-62
11-->src\main\AndroidManifest.xml:5:22-59
12
13    <uses-feature
13-->src\main\AndroidManifest.xml:7:5-9:35
14        android:name="android.hardware.nfc"
14-->src\main\AndroidManifest.xml:8:9-44
15        android:required="true" />
15-->src\main\AndroidManifest.xml:9:9-32
16
17    <application
17-->src\main\AndroidManifest.xml:11:5-33:19
18        android:allowBackup="true"
18-->src\main\AndroidManifest.xml:12:9-35
19        android:appComponentFactory="androidx.core.app.CoreComponentFactory"
19-->[androidx.core:core:1.5.0] AndroidManifest.xml:24:18-86
20        android:debuggable="true"
21        android:extractNativeLibs="false"
22        android:icon="@mipmap/ic_launcher"
22-->src\main\AndroidManifest.xml:13:9-43
23        android:label="@string/app_name"
23-->src\main\AndroidManifest.xml:14:9-41
24        android:roundIcon="@mipmap/ic_launcher_round"
24-->src\main\AndroidManifest.xml:15:9-54
25        android:supportsRtl="true"
25-->src\main\AndroidManifest.xml:16:9-35
26        android:testOnly="true"
27        android:theme="@style/Theme.Readnfctag" >
27-->src\main\AndroidManifest.xml:17:9-48
28        <activity
28-->src\main\AndroidManifest.xml:19:9-32:20
29            android:name="ee.ut.math.lemmo.readIdNfc.MainActivity"
29-->src\main\AndroidManifest.xml:20:13-41
30            android:exported="true" >
30-->src\main\AndroidManifest.xml:21:13-36
31            <intent-filter>
31-->src\main\AndroidManifest.xml:22:13-25:29
32                <action android:name="android.intent.action.MAIN" />
32-->src\main\AndroidManifest.xml:23:17-69
32-->src\main\AndroidManifest.xml:23:25-66
33
34                <category android:name="android.intent.category.LAUNCHER" />
34-->src\main\AndroidManifest.xml:24:17-77
34-->src\main\AndroidManifest.xml:24:27-74
35            </intent-filter>
36            <intent-filter>
36-->src\main\AndroidManifest.xml:26:13-28:29
37                <action android:name="android.nfc.action.TECH_DISCOVERED" />
37-->src\main\AndroidManifest.xml:27:17-77
37-->src\main\AndroidManifest.xml:27:25-74
38            </intent-filter>
39
40            <meta-data
40-->src\main\AndroidManifest.xml:30:13-31:54
41                android:name="android.nfc.action.TECH_DISCOVERED"
41-->src\main\AndroidManifest.xml:30:24-73
42                android:resource="@xml/filter_nfc" />
42-->src\main\AndroidManifest.xml:31:17-51
43        </activity>
44    </application>
45
46</manifest>